<?xml version="1.0" encoding="UTF-8"?>
<testng-results skipped="0" failed="0" total="1" passed="1">
  <reporter-output>
  </reporter-output>
  <suite name="Default suite" duration-ms="21495" started-at="2015-07-15T13:33:52Z" finished-at="2015-07-15T13:34:14Z">
    <groups>
    </groups>
    <test name="Default test" duration-ms="21495" started-at="2015-07-15T13:33:52Z" finished-at="2015-07-15T13:34:14Z">
      <class name="testscript.SmokeTest">
        <test-method status="PASS" signature="beforeClass()[pri:0, instance:testscript.SmokeTest@1d3411d]" name="beforeClass" is-config="true" duration-ms="6618" started-at="2015-07-15T15:33:52Z" finished-at="2015-07-15T15:33:59Z">
          <reporter-output>
          </reporter-output>
        </test-method> <!-- beforeClass -->
        <test-method status="PASS" signature="beforeTest()[pri:0, instance:testscript.SmokeTest@1d3411d]" name="beforeTest" is-config="true" duration-ms="4150" started-at="2015-07-15T15:33:59Z" finished-at="2015-07-15T15:34:03Z">
          <reporter-output>
          </reporter-output>
        </test-method> <!-- beforeTest -->
        <test-method status="PASS" signature="Login_Functionality()[pri:0, instance:testscript.SmokeTest@1d3411d]" name="Login_Functionality" duration-ms="10498" started-at="2015-07-15T15:34:03Z" finished-at="2015-07-15T15:34:13Z">
          <reporter-output>
          </reporter-output>
        </test-method> <!-- Login_Functionality -->
        <test-method status="PASS" signature="afterTest()[pri:0, instance:testscript.SmokeTest@1d3411d]" name="afterTest" is-config="true" duration-ms="220" started-at="2015-07-15T15:34:13Z" finished-at="2015-07-15T15:34:14Z">
          <reporter-output>
          </reporter-output>
        </test-method> <!-- afterTest -->
        <test-method status="PASS" signature="afterClass()[pri:0, instance:testscript.SmokeTest@1d3411d]" name="afterClass" is-config="true" duration-ms="0" started-at="2015-07-15T15:34:14Z" finished-at="2015-07-15T15:34:14Z">
          <reporter-output>
          </reporter-output>
        </test-method> <!-- afterClass -->
      </class> <!-- testscript.SmokeTest -->
    </test> <!-- Default test -->
  </suite> <!-- Default suite -->
</testng-results>
